docker@boot2docker:/mnt/sda1/tmp/docker-server-source0200-OS/docker-server-source0100-Ubuntu$ docker build -t ronrong/ubuntu:0.02 .
Sending build context to Docker daemon 4.096 kB
Step 1/5 : FROM ubuntu:16.04
 ---> 0ef2e08ed3fa
Step 2/5 : MAINTAINER ronrong <shaolinrong@hotmail.com>
 ---> Using cache
 ---> b669c5bed1f7
Step 3/5 : RUN locale-gen en_US.UTF-8
 ---> Using cache
 ---> a065397fa005
Step 4/5 : ENV DEBIAN_FRONTEND noninteractive LANGUAGE en_US.en LANG en_US.UTF-8 LC_ALL en_US.UTF-8
 ---> Using cache
 ---> fc02b749e390
Step 5/5 : RUN echo 'APT::Install-Recommends "0"; \n          APT::Get::Assume-Yes "true"; \n          APT::Install-Suggests "0";' > /etc/apt/apt.conf   && apt-get update   && apt-get upgrade   && apt-get dist-upgrade   && apt-get install vim-nox   curl   telnet   software-properties-common   dnsutils   net-tools   less   netcat   && apt-get autoremove -y   && apt-get clean install && rm -rf /var/lib/apt/lists/*
 ---> Running in 4098867490d1
Get:1 http://archive.ubuntu.com/ubuntu xenial InRelease [247 kB]
Get:2 http://archive.ubuntu.com/ubuntu xenial-updates InRelease [102 kB]
Get:3 http://archive.ubuntu.com/ubuntu xenial-security InRelease [102 kB]
Get:4 http://archive.ubuntu.com/ubuntu xenial/main Sources [1,103 kB]
Get:5 http://archive.ubuntu.com/ubuntu xenial/restricted Sources [5,179 B]
Get:6 http://archive.ubuntu.com/ubuntu xenial/universe Sources [9,802 kB]
Get:7 http://archive.ubuntu.com/ubuntu xenial/main amd64 Packages [1,558 kB]
Get:8 http://archive.ubuntu.com/ubuntu xenial/restricted amd64 Packages [14.1 kB]
Get:9 http://archive.ubuntu.com/ubuntu xenial/universe amd64 Packages [9,827 kB]
Get:10 http://archive.ubuntu.com/ubuntu xenial-updates/main Sources [298 kB]
Get:11 http://archive.ubuntu.com/ubuntu xenial-updates/restricted Sources [2,815 B]
Get:12 http://archive.ubuntu.com/ubuntu xenial-updates/universe Sources [180 kB]
Get:13 http://archive.ubuntu.com/ubuntu xenial-updates/main amd64 Packages [632 kB]
Get:14 http://archive.ubuntu.com/ubuntu xenial-updates/restricted amd64 Packages [12.4 kB]
Get:15 http://archive.ubuntu.com/ubuntu xenial-updates/universe amd64 Packages [556 kB]
Get:16 http://archive.ubuntu.com/ubuntu xenial-security/main Sources [76.5 kB]
Get:17 http://archive.ubuntu.com/ubuntu xenial-security/restricted Sources [2,392 B]
Get:18 http://archive.ubuntu.com/ubuntu xenial-security/universe Sources [27.6 kB]
Get:19 http://archive.ubuntu.com/ubuntu xenial-security/main amd64 Packages [289 kB]
Get:20 http://archive.ubuntu.com/ubuntu xenial-security/restricted amd64 Packages [12.0 kB]
Get:21 http://archive.ubuntu.com/ubuntu xenial-security/universe amd64 Packages [117 kB]
Fetched 25.0 MB in 6min 41s (62.1 kB/s)
Reading package lists...
Reading package lists...
Building dependency tree...
Reading state information...
Calculating upgrade...
The following packages will be upgraded:
  init init-system-helpers
2 upgraded, 0 newly installed, 0 to remove and 0 not upgraded.
Need to get 37.0 kB of archives.
After this operation, 0 B of additional disk space will be used.
Get:1 http://archive.ubuntu.com/ubuntu xenial-updates/main amd64 init-system-helpers all 1.29ubuntu4 [32.3 kB]
Get:2 http://archive.ubuntu.com/ubuntu xenial-updates/main amd64 init amd64 1.29ubuntu4 [4,624 B]
debconf: delaying package configuration, since apt-utils is not installed
Fetched 37.0 kB in 11s (3,213 B/s)
(Reading database ... 7256 files and directories currently installed.)
Preparing to unpack .../init-system-helpers_1.29ubuntu4_all.deb ...
Unpacking init-system-helpers (1.29ubuntu4) over (1.29ubuntu3) ...
Setting up init-system-helpers (1.29ubuntu4) ...
(Reading database ... 7256 files and directories currently installed.)
Preparing to unpack .../init_1.29ubuntu4_amd64.deb ...
Unpacking init (1.29ubuntu4) over (1.29ubuntu3) ...
Setting up init (1.29ubuntu4) ...
Reading package lists...
Building dependency tree...
Reading state information...
Calculating upgrade...
0 upgraded, 0 newly installed, 0 to remove and 0 not upgraded.
Reading package lists...
Building dependency tree...
Reading state information...
The following additional packages will be installed:
  bind9-host ca-certificates dh-python distro-info-data gir1.2-glib-2.0
  iso-codes libapt-inst2.0 libasn1-8-heimdal libbind9-140 libcurl3-gnutls
  libdbus-1-3 libdbus-glib-1-2 libdns162 libexpat1 libffi6 libgdbm3 libgeoip1
  libgirepository-1.0-1 libglib2.0-0 libgmp10 libgnutls30 libgpm2
  libgssapi-krb5-2 libgssapi3-heimdal libhcrypto4-heimdal libheimbase1-heimdal
  libheimntlm0-heimdal libhogweed4 libhx509-5-heimdal libicu55 libidn11
  libisc160 libisccc140 libisccfg140 libk5crypto3 libkeyutils1
  libkrb5-26-heimdal libkrb5-3 libkrb5support0 libldap-2.4-2 liblua5.2-0
  liblwres141 libmpdec2 libnettle6 libp11-kit0 libperl5.22 libpython3-stdlib
  libpython3.5 libpython3.5-minimal libpython3.5-stdlib libroken18-heimdal
  librtmp1 libruby2.3 libsasl2-2 libsasl2-modules-db libsqlite3-0 libssl1.0.0
  libtasn1-6 libtcl8.6 libwind0-heimdal libxml2 libyaml-0-2 lsb-release
  mime-support netbase netcat-traditional openssl perl-modules-5.22
  python-apt-common python3 python3-apt python3-dbus python3-gi
  python3-minimal python3-pycurl python3-software-properties python3.5
  python3.5-minimal rake ruby ruby-did-you-mean ruby-minitest ruby-net-telnet
  ruby-power-assert ruby-test-unit ruby2.3 rubygems-integration vim-common
  vim-runtime
Suggested packages:
  libdpkg-perl rblcheck isoquery geoip-bin gnutls-bin gpm krb5-doc krb5-user
  tcl8.6 lsb python3-doc python3-tk python3-venv python3-apt-dbg
  python-apt-doc python-dbus-doc python3-dbus-dbg libcurl4-gnutls-dev
  python-pycurl-doc python3-pycurl-dbg python3.5-venv python3.5-doc binutils
  binfmt-support ri ruby-dev bundler vim-gnome-py2 | vim-gtk-py2
  | vim-gtk3-py2 | vim-athena-py2 | vim-nox-py2 cscope vim-doc
Recommended packages:
  dbus geoip-database libglib2.0-data shared-mime-info xdg-user-dirs
  krb5-locales libsasl2-modules xml-core file ifupdown perl
  unattended-upgrades zip fonts-lato libjs-jquery
The following NEW packages will be installed:
  bind9-host ca-certificates curl dh-python distro-info-data dnsutils
  gir1.2-glib-2.0 iso-codes less libapt-inst2.0 libasn1-8-heimdal libbind9-140
  libcurl3-gnutls libdbus-1-3 libdbus-glib-1-2 libdns162 libexpat1 libffi6
  libgdbm3 libgeoip1 libgirepository-1.0-1 libglib2.0-0 libgmp10 libgnutls30
  libgpm2 libgssapi-krb5-2 libgssapi3-heimdal libhcrypto4-heimdal
  libheimbase1-heimdal libheimntlm0-heimdal libhogweed4 libhx509-5-heimdal
  libicu55 libidn11 libisc160 libisccc140 libisccfg140 libk5crypto3
  libkeyutils1 libkrb5-26-heimdal libkrb5-3 libkrb5support0 libldap-2.4-2
  liblua5.2-0 liblwres141 libmpdec2 libnettle6 libp11-kit0 libperl5.22
  libpython3-stdlib libpython3.5 libpython3.5-minimal libpython3.5-stdlib
  libroken18-heimdal librtmp1 libruby2.3 libsasl2-2 libsasl2-modules-db
  libsqlite3-0 libssl1.0.0 libtasn1-6 libtcl8.6 libwind0-heimdal libxml2
  libyaml-0-2 lsb-release mime-support net-tools netbase netcat
  netcat-traditional openssl perl-modules-5.22 python-apt-common python3
  python3-apt python3-dbus python3-gi python3-minimal python3-pycurl
  python3-software-properties python3.5 python3.5-minimal rake ruby
  ruby-did-you-mean ruby-minitest ruby-net-telnet ruby-power-assert
  ruby-test-unit ruby2.3 rubygems-integration software-properties-common
  telnet vim-common vim-nox vim-runtime
0 upgraded, 97 newly installed, 0 to remove and 0 not upgraded.
Need to get 42.5 MB of archives.
After this operation, 199 MB of additional disk space will be used.
Get:1 http://archive.ubuntu.com/ubuntu xenial-updates/main amd64 libssl1.0.0 amd64 1.0.2g-1ubuntu4.6 [1,082 kB]
Get:2 http://archive.ubuntu.com/ubuntu xenial-updates/main amd64 libpython3.5-minimal amd64 3.5.2-2ubuntu0~16.04.1 [526 kB]
Get:3 http://archive.ubuntu.com/ubuntu xenial-updates/main amd64 libexpat1 amd64 2.1.0-7ubuntu0.16.04.2 [71.3 kB]
Get:4 http://archive.ubuntu.com/ubuntu xenial-updates/main amd64 python3.5-minimal amd64 3.5.2-2ubuntu0~16.04.1 [1,597 kB]
Get:5 http://archive.ubuntu.com/ubuntu xenial/main amd64 python3-minimal amd64 3.5.1-3 [23.3 kB]
Get:6 http://archive.ubuntu.com/ubuntu xenial/main amd64 mime-support all 3.59ubuntu1 [31.0 kB]
Get:7 http://archive.ubuntu.com/ubuntu xenial/main amd64 libmpdec2 amd64 2.4.2-1 [82.6 kB]
Get:8 http://archive.ubuntu.com/ubuntu xenial/main amd64 libsqlite3-0 amd64 3.11.0-1ubuntu1 [396 kB]
Get:9 http://archive.ubuntu.com/ubuntu xenial-updates/main amd64 libpython3.5-stdlib amd64 3.5.2-2ubuntu0~16.04.1 [2,130 kB]
Get:10 http://archive.ubuntu.com/ubuntu xenial-updates/main amd64 python3.5 amd64 3.5.2-2ubuntu0~16.04.1 [165 kB]
Get:11 http://archive.ubuntu.com/ubuntu xenial/main amd64 libpython3-stdlib amd64 3.5.1-3 [6,818 B]
Get:12 http://archive.ubuntu.com/ubuntu xenial-updates/main amd64 dh-python all 2.20151103ubuntu1.1 [74.1 kB]
Get:13 http://archive.ubuntu.com/ubuntu xenial/main amd64 python3 amd64 3.5.1-3 [8,710 B]
Get:14 http://archive.ubuntu.com/ubuntu xenial/main amd64 libgdbm3 amd64 1.8.3-13.1 [16.9 kB]
Get:15 http://archive.ubuntu.com/ubuntu xenial/main amd64 libgpm2 amd64 1.20.4-6.1 [16.5 kB]
Get:16 http://archive.ubuntu.com/ubuntu xenial/main amd64 libyaml-0-2 amd64 0.1.6-3 [47.6 kB]
Get:17 http://archive.ubuntu.com/ubuntu xenial/main amd64 perl-modules-5.22 all 5.22.1-9 [2,641 kB]
Get:18 http://archive.ubuntu.com/ubuntu xenial-updates/main amd64 distro-info-data all 0.28ubuntu0.2 [4,006 B]
Get:19 http://archive.ubuntu.com/ubuntu xenial-updates/main amd64 less amd64 481-2.1ubuntu0.1 [110 kB]
Get:20 http://archive.ubuntu.com/ubuntu xenial-updates/main amd64 libapt-inst2.0 amd64 1.2.19 [55.8 kB]
Get:21 http://archive.ubuntu.com/ubuntu xenial/main amd64 libffi6 amd64 3.2.1-4 [17.8 kB]
Get:22 http://archive.ubuntu.com/ubuntu xenial/main amd64 libgmp10 amd64 2:6.1.0+dfsg-2 [240 kB]
Get:23 http://archive.ubuntu.com/ubuntu xenial-updates/main amd64 libnettle6 amd64 3.2-1ubuntu0.16.04.1 [93.5 kB]
Get:24 http://archive.ubuntu.com/ubuntu xenial-updates/main amd64 libhogweed4 amd64 3.2-1ubuntu0.16.04.1 [136 kB]
Get:25 http://archive.ubuntu.com/ubuntu xenial-updates/main amd64 libidn11 amd64 1.32-3ubuntu1.1 [45.6 kB]
Get:26 http://archive.ubuntu.com/ubuntu xenial-updates/main amd64 libp11-kit0 amd64 0.23.2-5~ubuntu16.04.1 [105 kB]
Get:27 http://archive.ubuntu.com/ubuntu xenial-updates/main amd64 libtasn1-6 amd64 4.7-3ubuntu0.16.04.1 [43.2 kB]
Get:28 http://archive.ubuntu.com/ubuntu xenial-updates/main amd64 libgnutls30 amd64 3.4.10-4ubuntu1.2 [547 kB]
Get:29 http://archive.ubuntu.com/ubuntu xenial-updates/main amd64 lsb-release all 9.20160110ubuntu0.2 [11.8 kB]
Get:30 http://archive.ubuntu.com/ubuntu xenial/main amd64 net-tools amd64 1.60-26ubuntu1 [175 kB]
Get:31 http://archive.ubuntu.com/ubuntu xenial/main amd64 netbase all 5.3 [12.9 kB]
Get:32 http://archive.ubuntu.com/ubuntu xenial-updates/main amd64 vim-common amd64 2:7.4.1689-3ubuntu1.2 [103 kB]
Get:33 http://archive.ubuntu.com/ubuntu xenial/main amd64 libgeoip1 amd64 1.6.9-1 [70.1 kB]
Get:34 http://archive.ubuntu.com/ubuntu xenial-updates/main amd64 libkrb5support0 amd64 1.13.2+dfsg-5ubuntu2 [30.8 kB]
Get:35 http://archive.ubuntu.com/ubuntu xenial-updates/main amd64 libk5crypto3 amd64 1.13.2+dfsg-5ubuntu2 [81.2 kB]
Get:36 http://archive.ubuntu.com/ubuntu xenial/main amd64 libkeyutils1 amd64 1.5.9-8ubuntu1 [9,904 B]
Get:37 http://archive.ubuntu.com/ubuntu xenial-updates/main amd64 libkrb5-3 amd64 1.13.2+dfsg-5ubuntu2 [273 kB]
Get:38 http://archive.ubuntu.com/ubuntu xenial-updates/main amd64 libgssapi-krb5-2 amd64 1.13.2+dfsg-5ubuntu2 [120 kB]
Get:39 http://archive.ubuntu.com/ubuntu xenial-updates/main amd64 libicu55 amd64 55.1-7ubuntu0.1 [7,654 kB]
Get:40 http://archive.ubuntu.com/ubuntu xenial-updates/main amd64 libxml2 amd64 2.9.3+dfsg1-1ubuntu0.2 [697 kB]
Get:41 http://archive.ubuntu.com/ubuntu xenial-updates/main amd64 libisc160 amd64 1:9.10.3.dfsg.P4-8ubuntu1.5 [214 kB]
Get:42 http://archive.ubuntu.com/ubuntu xenial-updates/main amd64 libdns162 amd64 1:9.10.3.dfsg.P4-8ubuntu1.5 [877 kB]
Get:43 http://archive.ubuntu.com/ubuntu xenial-updates/main amd64 libisccc140 amd64 1:9.10.3.dfsg.P4-8ubuntu1.5 [16.2 kB]
Get:44 http://archive.ubuntu.com/ubuntu xenial-updates/main amd64 libisccfg140 amd64 1:9.10.3.dfsg.P4-8ubuntu1.5 [40.4 kB]
Get:45 http://archive.ubuntu.com/ubuntu xenial-updates/main amd64 libbind9-140 amd64 1:9.10.3.dfsg.P4-8ubuntu1.5 [23.6 kB]
Get:46 http://archive.ubuntu.com/ubuntu xenial-updates/main amd64 liblwres141 amd64 1:9.10.3.dfsg.P4-8ubuntu1.5 [33.5 kB]
Get:47 http://archive.ubuntu.com/ubuntu xenial-updates/main amd64 bind9-host amd64 1:9.10.3.dfsg.P4-8ubuntu1.5 [38.4 kB]
Get:48 http://archive.ubuntu.com/ubuntu xenial-updates/main amd64 openssl amd64 1.0.2g-1ubuntu4.6 [492 kB]
Get:49 http://archive.ubuntu.com/ubuntu xenial/main amd64 ca-certificates all 20160104ubuntu1 [191 kB]
Get:50 http://archive.ubuntu.com/ubuntu xenial-updates/main amd64 dnsutils amd64 1:9.10.3.dfsg.P4-8ubuntu1.5 [88.9 kB]
Get:51 http://archive.ubuntu.com/ubuntu xenial-updates/main amd64 libglib2.0-0 amd64 2.48.2-0ubuntu1 [1,119 kB]
Get:52 http://archive.ubuntu.com/ubuntu xenial/main amd64 libgirepository-1.0-1 amd64 1.46.0-3ubuntu1 [88.3 kB]
Get:53 http://archive.ubuntu.com/ubuntu xenial/main amd64 gir1.2-glib-2.0 amd64 1.46.0-3ubuntu1 [127 kB]
Get:54 http://archive.ubuntu.com/ubuntu xenial/main amd64 iso-codes all 3.65-1 [2,268 kB]
Get:55 http://archive.ubuntu.com/ubuntu xenial/main amd64 libroken18-heimdal amd64 1.7~git20150920+dfsg-4ubuntu1 [41.2 kB]
Get:56 http://archive.ubuntu.com/ubuntu xenial/main amd64 libasn1-8-heimdal amd64 1.7~git20150920+dfsg-4ubuntu1 [174 kB]
Get:57 http://archive.ubuntu.com/ubuntu xenial/main amd64 libhcrypto4-heimdal amd64 1.7~git20150920+dfsg-4ubuntu1 [84.9 kB]
Get:58 http://archive.ubuntu.com/ubuntu xenial/main amd64 libheimbase1-heimdal amd64 1.7~git20150920+dfsg-4ubuntu1 [29.2 kB]
Get:59 http://archive.ubuntu.com/ubuntu xenial/main amd64 libwind0-heimdal amd64 1.7~git20150920+dfsg-4ubuntu1 [48.2 kB]
Get:60 http://archive.ubuntu.com/ubuntu xenial/main amd64 libhx509-5-heimdal amd64 1.7~git20150920+dfsg-4ubuntu1 [107 kB]
Get:61 http://archive.ubuntu.com/ubuntu xenial/main amd64 libkrb5-26-heimdal amd64 1.7~git20150920+dfsg-4ubuntu1 [202 kB]
Get:62 http://archive.ubuntu.com/ubuntu xenial/main amd64 libheimntlm0-heimdal amd64 1.7~git20150920+dfsg-4ubuntu1 [15.1 kB]
Get:63 http://archive.ubuntu.com/ubuntu xenial/main amd64 libgssapi3-heimdal amd64 1.7~git20150920+dfsg-4ubuntu1 [96.1 kB]
Get:64 http://archive.ubuntu.com/ubuntu xenial/main amd64 libsasl2-modules-db amd64 2.1.26.dfsg1-14build1 [14.5 kB]
Get:65 http://archive.ubuntu.com/ubuntu xenial/main amd64 libsasl2-2 amd64 2.1.26.dfsg1-14build1 [48.7 kB]
Get:66 http://archive.ubuntu.com/ubuntu xenial-updates/main amd64 libldap-2.4-2 amd64 2.4.42+dfsg-2ubuntu3.1 [161 kB]
Get:67 http://archive.ubuntu.com/ubuntu xenial/main amd64 librtmp1 amd64 2.4+20151223.gitfa8646d-1build1 [53.9 kB]
Get:68 http://archive.ubuntu.com/ubuntu xenial-updates/main amd64 libcurl3-gnutls amd64 7.47.0-1ubuntu2.2 [184 kB]
Get:69 http://archive.ubuntu.com/ubuntu xenial-updates/main amd64 libdbus-1-3 amd64 1.10.6-1ubuntu3.3 [161 kB]
Get:70 http://archive.ubuntu.com/ubuntu xenial/main amd64 libdbus-glib-1-2 amd64 0.106-1 [67.1 kB]
Get:71 http://archive.ubuntu.com/ubuntu xenial/main amd64 python-apt-common all 1.1.0~beta1build1 [17.3 kB]
Get:72 http://archive.ubuntu.com/ubuntu xenial/main amd64 python3-apt amd64 1.1.0~beta1build1 [137 kB]
Get:73 http://archive.ubuntu.com/ubuntu xenial/main amd64 python3-dbus amd64 1.2.0-3 [83.1 kB]
Get:74 http://archive.ubuntu.com/ubuntu xenial/main amd64 python3-gi amd64 3.20.0-0ubuntu1 [153 kB]
Get:75 http://archive.ubuntu.com/ubuntu xenial/main amd64 telnet amd64 0.17-40 [63.5 kB]
Get:76 http://archive.ubuntu.com/ubuntu xenial-updates/main amd64 curl amd64 7.47.0-1ubuntu2.2 [139 kB]
Get:77 http://archive.ubuntu.com/ubuntu xenial/main amd64 liblua5.2-0 amd64 5.2.4-1ubuntu1 [106 kB]
Get:78 http://archive.ubuntu.com/ubuntu xenial/main amd64 libperl5.22 amd64 5.22.1-9 [3,371 kB]
Get:79 http://archive.ubuntu.com/ubuntu xenial-updates/main amd64 libpython3.5 amd64 3.5.2-2ubuntu0~16.04.1 [1,360 kB]
Get:80 http://archive.ubuntu.com/ubuntu xenial/main amd64 libtcl8.6 amd64 8.6.5+dfsg-2 [875 kB]
Get:81 http://archive.ubuntu.com/ubuntu xenial/universe amd64 netcat-traditional amd64 1.10-41 [60.7 kB]
Get:82 http://archive.ubuntu.com/ubuntu xenial/universe amd64 netcat all 1.10-41 [3,438 B]
Get:83 http://archive.ubuntu.com/ubuntu xenial/main amd64 python3-pycurl amd64 7.43.0-1ubuntu1 [42.3 kB]
Get:84 http://archive.ubuntu.com/ubuntu xenial-updates/main amd64 python3-software-properties all 0.96.20.5 [19.9 kB]
Get:85 http://archive.ubuntu.com/ubuntu xenial/main amd64 rubygems-integration all 1.10 [4,966 B]
Get:86 http://archive.ubuntu.com/ubuntu xenial/main amd64 ruby-did-you-mean all 1.0.0-2 [8,390 B]
Get:87 http://archive.ubuntu.com/ubuntu xenial/main amd64 ruby-minitest all 5.8.4-2 [36.6 kB]
Get:88 http://archive.ubuntu.com/ubuntu xenial/main amd64 ruby-net-telnet all 0.1.1-2 [12.6 kB]
Get:89 http://archive.ubuntu.com/ubuntu xenial/main amd64 ruby-power-assert all 0.2.7-1 [7,668 B]
Get:90 http://archive.ubuntu.com/ubuntu xenial/main amd64 ruby-test-unit all 3.1.7-2 [60.3 kB]
Get:91 http://archive.ubuntu.com/ubuntu xenial-updates/main amd64 libruby2.3 amd64 2.3.1-2~16.04 [2,957 kB]
Get:92 http://archive.ubuntu.com/ubuntu xenial-updates/main amd64 ruby2.3 amd64 2.3.1-2~16.04 [40.9 kB]
Get:93 http://archive.ubuntu.com/ubuntu xenial/main amd64 ruby all 1:2.3.0+1 [5,530 B]
Get:94 http://archive.ubuntu.com/ubuntu xenial/main amd64 rake all 10.5.0-2 [48.2 kB]
Get:95 http://archive.ubuntu.com/ubuntu xenial-updates/main amd64 software-properties-common all 0.96.20.5 [9,432 B]
Get:96 http://archive.ubuntu.com/ubuntu xenial-updates/main amd64 vim-runtime all 2:7.4.1689-3ubuntu1.2 [5,164 kB]
Get:97 http://archive.ubuntu.com/ubuntu xenial-updates/universe amd64 vim-nox amd64 2:7.4.1689-3ubuntu1.2 [1,102 kB]
debconf: delaying package configuration, since apt-utils is not installed
Fetched 42.5 MB in 8min 51s (80.0 kB/s)
Selecting previously unselected package libssl1.0.0:amd64.
(Reading database ... 7256 files and directories currently installed.)
Preparing to unpack .../libssl1.0.0_1.0.2g-1ubuntu4.6_amd64.deb ...
Unpacking libssl1.0.0:amd64 (1.0.2g-1ubuntu4.6) ...
Selecting previously unselected package libpython3.5-minimal:amd64.
Preparing to unpack .../libpython3.5-minimal_3.5.2-2ubuntu0~16.04.1_amd64.deb ...
Unpacking libpython3.5-minimal:amd64 (3.5.2-2ubuntu0~16.04.1) ...
Selecting previously unselected package libexpat1:amd64.
Preparing to unpack .../libexpat1_2.1.0-7ubuntu0.16.04.2_amd64.deb ...
Unpacking libexpat1:amd64 (2.1.0-7ubuntu0.16.04.2) ...
Selecting previously unselected package python3.5-minimal.
Preparing to unpack .../python3.5-minimal_3.5.2-2ubuntu0~16.04.1_amd64.deb ...
Unpacking python3.5-minimal (3.5.2-2ubuntu0~16.04.1) ...
Selecting previously unselected package python3-minimal.
Preparing to unpack .../python3-minimal_3.5.1-3_amd64.deb ...
Unpacking python3-minimal (3.5.1-3) ...
Selecting previously unselected package mime-support.
Preparing to unpack .../mime-support_3.59ubuntu1_all.deb ...
Unpacking mime-support (3.59ubuntu1) ...
Selecting previously unselected package libmpdec2:amd64.
Preparing to unpack .../libmpdec2_2.4.2-1_amd64.deb ...
Unpacking libmpdec2:amd64 (2.4.2-1) ...
Selecting previously unselected package libsqlite3-0:amd64.
Preparing to unpack .../libsqlite3-0_3.11.0-1ubuntu1_amd64.deb ...
Unpacking libsqlite3-0:amd64 (3.11.0-1ubuntu1) ...
Selecting previously unselected package libpython3.5-stdlib:amd64.
Preparing to unpack .../libpython3.5-stdlib_3.5.2-2ubuntu0~16.04.1_amd64.deb ...
Unpacking libpython3.5-stdlib:amd64 (3.5.2-2ubuntu0~16.04.1) ...
Selecting previously unselected package python3.5.
Preparing to unpack .../python3.5_3.5.2-2ubuntu0~16.04.1_amd64.deb ...
Unpacking python3.5 (3.5.2-2ubuntu0~16.04.1) ...
Selecting previously unselected package libpython3-stdlib:amd64.
Preparing to unpack .../libpython3-stdlib_3.5.1-3_amd64.deb ...
Unpacking libpython3-stdlib:amd64 (3.5.1-3) ...
Selecting previously unselected package dh-python.
Preparing to unpack .../dh-python_2.20151103ubuntu1.1_all.deb ...
Unpacking dh-python (2.20151103ubuntu1.1) ...
Processing triggers for libc-bin (2.23-0ubuntu5) ...
Setting up libssl1.0.0:amd64 (1.0.2g-1ubuntu4.6) ...
Setting up libpython3.5-minimal:amd64 (3.5.2-2ubuntu0~16.04.1) ...
Setting up libexpat1:amd64 (2.1.0-7ubuntu0.16.04.2) ...
Setting up python3.5-minimal (3.5.2-2ubuntu0~16.04.1) ...
Setting up python3-minimal (3.5.1-3) ...
Processing triggers for libc-bin (2.23-0ubuntu5) ...
Selecting previously unselected package python3.
(Reading database ... 8232 files and directories currently installed.)
Preparing to unpack .../python3_3.5.1-3_amd64.deb ...
Unpacking python3 (3.5.1-3) ...
Selecting previously unselected package libgdbm3:amd64.
Preparing to unpack .../libgdbm3_1.8.3-13.1_amd64.deb ...
Unpacking libgdbm3:amd64 (1.8.3-13.1) ...
Selecting previously unselected package libgpm2:amd64.
Preparing to unpack .../libgpm2_1.20.4-6.1_amd64.deb ...
Unpacking libgpm2:amd64 (1.20.4-6.1) ...
Selecting previously unselected package libyaml-0-2:amd64.
Preparing to unpack .../libyaml-0-2_0.1.6-3_amd64.deb ...
Unpacking libyaml-0-2:amd64 (0.1.6-3) ...
Selecting previously unselected package perl-modules-5.22.
Preparing to unpack .../perl-modules-5.22_5.22.1-9_all.deb ...
Unpacking perl-modules-5.22 (5.22.1-9) ...
Selecting previously unselected package distro-info-data.
Preparing to unpack .../distro-info-data_0.28ubuntu0.2_all.deb ...
Unpacking distro-info-data (0.28ubuntu0.2) ...
Selecting previously unselected package less.
Preparing to unpack .../less_481-2.1ubuntu0.1_amd64.deb ...
Unpacking less (481-2.1ubuntu0.1) ...
Selecting previously unselected package libapt-inst2.0:amd64.
Preparing to unpack .../libapt-inst2.0_1.2.19_amd64.deb ...
Unpacking libapt-inst2.0:amd64 (1.2.19) ...
Selecting previously unselected package libffi6:amd64.
Preparing to unpack .../libffi6_3.2.1-4_amd64.deb ...
Unpacking libffi6:amd64 (3.2.1-4) ...
Selecting previously unselected package libgmp10:amd64.
Preparing to unpack .../libgmp10_2%3a6.1.0+dfsg-2_amd64.deb ...
Unpacking libgmp10:amd64 (2:6.1.0+dfsg-2) ...
Selecting previously unselected package libnettle6:amd64.
Preparing to unpack .../libnettle6_3.2-1ubuntu0.16.04.1_amd64.deb ...
Unpacking libnettle6:amd64 (3.2-1ubuntu0.16.04.1) ...
Selecting previously unselected package libhogweed4:amd64.
Preparing to unpack .../libhogweed4_3.2-1ubuntu0.16.04.1_amd64.deb ...
Unpacking libhogweed4:amd64 (3.2-1ubuntu0.16.04.1) ...
Selecting previously unselected package libidn11:amd64.
Preparing to unpack .../libidn11_1.32-3ubuntu1.1_amd64.deb ...
Unpacking libidn11:amd64 (1.32-3ubuntu1.1) ...
Selecting previously unselected package libp11-kit0:amd64.
Preparing to unpack .../libp11-kit0_0.23.2-5~ubuntu16.04.1_amd64.deb ...
Unpacking libp11-kit0:amd64 (0.23.2-5~ubuntu16.04.1) ...
Selecting previously unselected package libtasn1-6:amd64.
Preparing to unpack .../libtasn1-6_4.7-3ubuntu0.16.04.1_amd64.deb ...
Unpacking libtasn1-6:amd64 (4.7-3ubuntu0.16.04.1) ...
Selecting previously unselected package libgnutls30:amd64.
Preparing to unpack .../libgnutls30_3.4.10-4ubuntu1.2_amd64.deb ...
Unpacking libgnutls30:amd64 (3.4.10-4ubuntu1.2) ...
Selecting previously unselected package lsb-release.
Preparing to unpack .../lsb-release_9.20160110ubuntu0.2_all.deb ...
Unpacking lsb-release (9.20160110ubuntu0.2) ...
Selecting previously unselected package net-tools.
Preparing to unpack .../net-tools_1.60-26ubuntu1_amd64.deb ...
Unpacking net-tools (1.60-26ubuntu1) ...
Selecting previously unselected package netbase.
Preparing to unpack .../archives/netbase_5.3_all.deb ...
Unpacking netbase (5.3) ...
Selecting previously unselected package vim-common.
Preparing to unpack .../vim-common_2%3a7.4.1689-3ubuntu1.2_amd64.deb ...
Unpacking vim-common (2:7.4.1689-3ubuntu1.2) ...
Selecting previously unselected package libgeoip1:amd64.
Preparing to unpack .../libgeoip1_1.6.9-1_amd64.deb ...
Unpacking libgeoip1:amd64 (1.6.9-1) ...
Selecting previously unselected package libkrb5support0:amd64.
Preparing to unpack .../libkrb5support0_1.13.2+dfsg-5ubuntu2_amd64.deb ...
Unpacking libkrb5support0:amd64 (1.13.2+dfsg-5ubuntu2) ...
Selecting previously unselected package libk5crypto3:amd64.
Preparing to unpack .../libk5crypto3_1.13.2+dfsg-5ubuntu2_amd64.deb ...
Unpacking libk5crypto3:amd64 (1.13.2+dfsg-5ubuntu2) ...
Selecting previously unselected package libkeyutils1:amd64.
Preparing to unpack .../libkeyutils1_1.5.9-8ubuntu1_amd64.deb ...
Unpacking libkeyutils1:amd64 (1.5.9-8ubuntu1) ...
Selecting previously unselected package libkrb5-3:amd64.
Preparing to unpack .../libkrb5-3_1.13.2+dfsg-5ubuntu2_amd64.deb ...
Unpacking libkrb5-3:amd64 (1.13.2+dfsg-5ubuntu2) ...
Selecting previously unselected package libgssapi-krb5-2:amd64.
Preparing to unpack .../libgssapi-krb5-2_1.13.2+dfsg-5ubuntu2_amd64.deb ...
Unpacking libgssapi-krb5-2:amd64 (1.13.2+dfsg-5ubuntu2) ...
Selecting previously unselected package libicu55:amd64.
Preparing to unpack .../libicu55_55.1-7ubuntu0.1_amd64.deb ...
Unpacking libicu55:amd64 (55.1-7ubuntu0.1) ...
Selecting previously unselected package libxml2:amd64.
Preparing to unpack .../libxml2_2.9.3+dfsg1-1ubuntu0.2_amd64.deb ...
Unpacking libxml2:amd64 (2.9.3+dfsg1-1ubuntu0.2) ...
Selecting previously unselected package libisc160:amd64.
Preparing to unpack .../libisc160_1%3a9.10.3.dfsg.P4-8ubuntu1.5_amd64.deb ...
Unpacking libisc160:amd64 (1:9.10.3.dfsg.P4-8ubuntu1.5) ...
Selecting previously unselected package libdns162:amd64.
Preparing to unpack .../libdns162_1%3a9.10.3.dfsg.P4-8ubuntu1.5_amd64.deb ...
Unpacking libdns162:amd64 (1:9.10.3.dfsg.P4-8ubuntu1.5) ...
Selecting previously unselected package libisccc140:amd64.
Preparing to unpack .../libisccc140_1%3a9.10.3.dfsg.P4-8ubuntu1.5_amd64.deb ...
Unpacking libisccc140:amd64 (1:9.10.3.dfsg.P4-8ubuntu1.5) ...
Selecting previously unselected package libisccfg140:amd64.
Preparing to unpack .../libisccfg140_1%3a9.10.3.dfsg.P4-8ubuntu1.5_amd64.deb ...
Unpacking libisccfg140:amd64 (1:9.10.3.dfsg.P4-8ubuntu1.5) ...
Selecting previously unselected package libbind9-140:amd64.
Preparing to unpack .../libbind9-140_1%3a9.10.3.dfsg.P4-8ubuntu1.5_amd64.deb ...
Unpacking libbind9-140:amd64 (1:9.10.3.dfsg.P4-8ubuntu1.5) ...
Selecting previously unselected package liblwres141:amd64.
Preparing to unpack .../liblwres141_1%3a9.10.3.dfsg.P4-8ubuntu1.5_amd64.deb ...
Unpacking liblwres141:amd64 (1:9.10.3.dfsg.P4-8ubuntu1.5) ...
Selecting previously unselected package bind9-host.
Preparing to unpack .../bind9-host_1%3a9.10.3.dfsg.P4-8ubuntu1.5_amd64.deb ...
Unpacking bind9-host (1:9.10.3.dfsg.P4-8ubuntu1.5) ...
Selecting previously unselected package openssl.
Preparing to unpack .../openssl_1.0.2g-1ubuntu4.6_amd64.deb ...
Unpacking openssl (1.0.2g-1ubuntu4.6) ...
Selecting previously unselected package ca-certificates.
Preparing to unpack .../ca-certificates_20160104ubuntu1_all.deb ...
Unpacking ca-certificates (20160104ubuntu1) ...
Selecting previously unselected package dnsutils.
Preparing to unpack .../dnsutils_1%3a9.10.3.dfsg.P4-8ubuntu1.5_amd64.deb ...
Unpacking dnsutils (1:9.10.3.dfsg.P4-8ubuntu1.5) ...
Selecting previously unselected package libglib2.0-0:amd64.
Preparing to unpack .../libglib2.0-0_2.48.2-0ubuntu1_amd64.deb ...
Unpacking libglib2.0-0:amd64 (2.48.2-0ubuntu1) ...
Selecting previously unselected package libgirepository-1.0-1:amd64.
Preparing to unpack .../libgirepository-1.0-1_1.46.0-3ubuntu1_amd64.deb ...
Unpacking libgirepository-1.0-1:amd64 (1.46.0-3ubuntu1) ...
Selecting previously unselected package gir1.2-glib-2.0:amd64.
Preparing to unpack .../gir1.2-glib-2.0_1.46.0-3ubuntu1_amd64.deb ...
Unpacking gir1.2-glib-2.0:amd64 (1.46.0-3ubuntu1) ...
Selecting previously unselected package iso-codes.
Preparing to unpack .../iso-codes_3.65-1_all.deb ...
Unpacking iso-codes (3.65-1) ...
Selecting previously unselected package libroken18-heimdal:amd64.
Preparing to unpack .../libroken18-heimdal_1.7~git20150920+dfsg-4ubuntu1_amd64.deb ...
Unpacking libroken18-heimdal:amd64 (1.7~git20150920+dfsg-4ubuntu1) ...
Selecting previously unselected package libasn1-8-heimdal:amd64.
Preparing to unpack .../libasn1-8-heimdal_1.7~git20150920+dfsg-4ubuntu1_amd64.deb ...
Unpacking libasn1-8-heimdal:amd64 (1.7~git20150920+dfsg-4ubuntu1) ...
Selecting previously unselected package libhcrypto4-heimdal:amd64.
Preparing to unpack .../libhcrypto4-heimdal_1.7~git20150920+dfsg-4ubuntu1_amd64.deb ...
Unpacking libhcrypto4-heimdal:amd64 (1.7~git20150920+dfsg-4ubuntu1) ...
Selecting previously unselected package libheimbase1-heimdal:amd64.
Preparing to unpack .../libheimbase1-heimdal_1.7~git20150920+dfsg-4ubuntu1_amd64.deb ...
Unpacking libheimbase1-heimdal:amd64 (1.7~git20150920+dfsg-4ubuntu1) ...
Selecting previously unselected package libwind0-heimdal:amd64.
Preparing to unpack .../libwind0-heimdal_1.7~git20150920+dfsg-4ubuntu1_amd64.deb ...
Unpacking libwind0-heimdal:amd64 (1.7~git20150920+dfsg-4ubuntu1) ...
Selecting previously unselected package libhx509-5-heimdal:amd64.
Preparing to unpack .../libhx509-5-heimdal_1.7~git20150920+dfsg-4ubuntu1_amd64.deb ...
Unpacking libhx509-5-heimdal:amd64 (1.7~git20150920+dfsg-4ubuntu1) ...
Selecting previously unselected package libkrb5-26-heimdal:amd64.
Preparing to unpack .../libkrb5-26-heimdal_1.7~git20150920+dfsg-4ubuntu1_amd64.deb ...
Unpacking libkrb5-26-heimdal:amd64 (1.7~git20150920+dfsg-4ubuntu1) ...
Selecting previously unselected package libheimntlm0-heimdal:amd64.
Preparing to unpack .../libheimntlm0-heimdal_1.7~git20150920+dfsg-4ubuntu1_amd64.deb ...
Unpacking libheimntlm0-heimdal:amd64 (1.7~git20150920+dfsg-4ubuntu1) ...
Selecting previously unselected package libgssapi3-heimdal:amd64.
Preparing to unpack .../libgssapi3-heimdal_1.7~git20150920+dfsg-4ubuntu1_amd64.deb ...
Unpacking libgssapi3-heimdal:amd64 (1.7~git20150920+dfsg-4ubuntu1) ...
Selecting previously unselected package libsasl2-modules-db:amd64.
Preparing to unpack .../libsasl2-modules-db_2.1.26.dfsg1-14build1_amd64.deb ...
Unpacking libsasl2-modules-db:amd64 (2.1.26.dfsg1-14build1) ...
Selecting previously unselected package libsasl2-2:amd64.
Preparing to unpack .../libsasl2-2_2.1.26.dfsg1-14build1_amd64.deb ...
Unpacking libsasl2-2:amd64 (2.1.26.dfsg1-14build1) ...
Selecting previously unselected package libldap-2.4-2:amd64.
Preparing to unpack .../libldap-2.4-2_2.4.42+dfsg-2ubuntu3.1_amd64.deb ...
Unpacking libldap-2.4-2:amd64 (2.4.42+dfsg-2ubuntu3.1) ...
Selecting previously unselected package librtmp1:amd64.
Preparing to unpack .../librtmp1_2.4+20151223.gitfa8646d-1build1_amd64.deb ...
Unpacking librtmp1:amd64 (2.4+20151223.gitfa8646d-1build1) ...
Selecting previously unselected package libcurl3-gnutls:amd64.
Preparing to unpack .../libcurl3-gnutls_7.47.0-1ubuntu2.2_amd64.deb ...
Unpacking libcurl3-gnutls:amd64 (7.47.0-1ubuntu2.2) ...
Selecting previously unselected package libdbus-1-3:amd64.
Preparing to unpack .../libdbus-1-3_1.10.6-1ubuntu3.3_amd64.deb ...
Unpacking libdbus-1-3:amd64 (1.10.6-1ubuntu3.3) ...
Selecting previously unselected package libdbus-glib-1-2:amd64.
Preparing to unpack .../libdbus-glib-1-2_0.106-1_amd64.deb ...
Unpacking libdbus-glib-1-2:amd64 (0.106-1) ...
Selecting previously unselected package python-apt-common.
Preparing to unpack .../python-apt-common_1.1.0~beta1build1_all.deb ...
Unpacking python-apt-common (1.1.0~beta1build1) ...
Selecting previously unselected package python3-apt.
Preparing to unpack .../python3-apt_1.1.0~beta1build1_amd64.deb ...
Unpacking python3-apt (1.1.0~beta1build1) ...
Selecting previously unselected package python3-dbus.
Preparing to unpack .../python3-dbus_1.2.0-3_amd64.deb ...
Unpacking python3-dbus (1.2.0-3) ...
Selecting previously unselected package python3-gi.
Preparing to unpack .../python3-gi_3.20.0-0ubuntu1_amd64.deb ...
Unpacking python3-gi (3.20.0-0ubuntu1) ...
Selecting previously unselected package telnet.
Preparing to unpack .../telnet_0.17-40_amd64.deb ...
Unpacking telnet (0.17-40) ...
Selecting previously unselected package curl.
Preparing to unpack .../curl_7.47.0-1ubuntu2.2_amd64.deb ...
Unpacking curl (7.47.0-1ubuntu2.2) ...
Selecting previously unselected package liblua5.2-0:amd64.
Preparing to unpack .../liblua5.2-0_5.2.4-1ubuntu1_amd64.deb ...
Unpacking liblua5.2-0:amd64 (5.2.4-1ubuntu1) ...
Selecting previously unselected package libperl5.22:amd64.
Preparing to unpack .../libperl5.22_5.22.1-9_amd64.deb ...
Unpacking libperl5.22:amd64 (5.22.1-9) ...
Selecting previously unselected package libpython3.5:amd64.
Preparing to unpack .../libpython3.5_3.5.2-2ubuntu0~16.04.1_amd64.deb ...
Unpacking libpython3.5:amd64 (3.5.2-2ubuntu0~16.04.1) ...
Selecting previously unselected package libtcl8.6:amd64.
Preparing to unpack .../libtcl8.6_8.6.5+dfsg-2_amd64.deb ...
Unpacking libtcl8.6:amd64 (8.6.5+dfsg-2) ...
Selecting previously unselected package netcat-traditional.
Preparing to unpack .../netcat-traditional_1.10-41_amd64.deb ...
Unpacking netcat-traditional (1.10-41) ...
Selecting previously unselected package netcat.
Preparing to unpack .../netcat_1.10-41_all.deb ...
Unpacking netcat (1.10-41) ...
Selecting previously unselected package python3-pycurl.
Preparing to unpack .../python3-pycurl_7.43.0-1ubuntu1_amd64.deb ...
Unpacking python3-pycurl (7.43.0-1ubuntu1) ...
Selecting previously unselected package python3-software-properties.
Preparing to unpack .../python3-software-properties_0.96.20.5_all.deb ...
Unpacking python3-software-properties (0.96.20.5) ...
Selecting previously unselected package rubygems-integration.
Preparing to unpack .../rubygems-integration_1.10_all.deb ...
Unpacking rubygems-integration (1.10) ...
Selecting previously unselected package ruby-did-you-mean.
Preparing to unpack .../ruby-did-you-mean_1.0.0-2_all.deb ...
Unpacking ruby-did-you-mean (1.0.0-2) ...
Selecting previously unselected package ruby-minitest.
Preparing to unpack .../ruby-minitest_5.8.4-2_all.deb ...
Unpacking ruby-minitest (5.8.4-2) ...
Selecting previously unselected package ruby-net-telnet.
Preparing to unpack .../ruby-net-telnet_0.1.1-2_all.deb ...
Unpacking ruby-net-telnet (0.1.1-2) ...
Selecting previously unselected package ruby-power-assert.
Preparing to unpack .../ruby-power-assert_0.2.7-1_all.deb ...
Unpacking ruby-power-assert (0.2.7-1) ...
Selecting previously unselected package ruby-test-unit.
Preparing to unpack .../ruby-test-unit_3.1.7-2_all.deb ...
Unpacking ruby-test-unit (3.1.7-2) ...
Selecting previously unselected package libruby2.3:amd64.
Preparing to unpack .../libruby2.3_2.3.1-2~16.04_amd64.deb ...
Unpacking libruby2.3:amd64 (2.3.1-2~16.04) ...
Selecting previously unselected package ruby2.3.
Preparing to unpack .../ruby2.3_2.3.1-2~16.04_amd64.deb ...
Unpacking ruby2.3 (2.3.1-2~16.04) ...
Selecting previously unselected package ruby.
Preparing to unpack .../ruby_1%3a2.3.0+1_all.deb ...
Unpacking ruby (1:2.3.0+1) ...
Selecting previously unselected package rake.
Preparing to unpack .../archives/rake_10.5.0-2_all.deb ...
Unpacking rake (10.5.0-2) ...
Selecting previously unselected package software-properties-common.
Preparing to unpack .../software-properties-common_0.96.20.5_all.deb ...
Unpacking software-properties-common (0.96.20.5) ...
Selecting previously unselected package vim-runtime.
Preparing to unpack .../vim-runtime_2%3a7.4.1689-3ubuntu1.2_all.deb ...
Adding 'diversion of /usr/share/vim/vim74/doc/help.txt to /usr/share/vim/vim74/doc/help.txt.vim-tiny by vim-runtime'
Adding 'diversion of /usr/share/vim/vim74/doc/tags to /usr/share/vim/vim74/doc/tags.vim-tiny by vim-runtime'
Unpacking vim-runtime (2:7.4.1689-3ubuntu1.2) ...
Selecting previously unselected package vim-nox.
Preparing to unpack .../vim-nox_2%3a7.4.1689-3ubuntu1.2_amd64.deb ...
Unpacking vim-nox (2:7.4.1689-3ubuntu1.2) ...
Processing triggers for libc-bin (2.23-0ubuntu5) ...
Setting up mime-support (3.59ubuntu1) ...
Setting up libmpdec2:amd64 (2.4.2-1) ...
Setting up libsqlite3-0:amd64 (3.11.0-1ubuntu1) ...
Setting up libpython3.5-stdlib:amd64 (3.5.2-2ubuntu0~16.04.1) ...
Setting up python3.5 (3.5.2-2ubuntu0~16.04.1) ...
Setting up libpython3-stdlib:amd64 (3.5.1-3) ...
Setting up libgdbm3:amd64 (1.8.3-13.1) ...
Setting up libgpm2:amd64 (1.20.4-6.1) ...
Setting up libyaml-0-2:amd64 (0.1.6-3) ...
Setting up perl-modules-5.22 (5.22.1-9) ...
Setting up distro-info-data (0.28ubuntu0.2) ...
Setting up less (481-2.1ubuntu0.1) ...
Setting up libapt-inst2.0:amd64 (1.2.19) ...
Setting up libffi6:amd64 (3.2.1-4) ...
Setting up libgmp10:amd64 (2:6.1.0+dfsg-2) ...
Setting up libnettle6:amd64 (3.2-1ubuntu0.16.04.1) ...
Setting up libhogweed4:amd64 (3.2-1ubuntu0.16.04.1) ...
Setting up libidn11:amd64 (1.32-3ubuntu1.1) ...
Setting up libp11-kit0:amd64 (0.23.2-5~ubuntu16.04.1) ...
Setting up libtasn1-6:amd64 (4.7-3ubuntu0.16.04.1) ...
Setting up libgnutls30:amd64 (3.4.10-4ubuntu1.2) ...
Setting up net-tools (1.60-26ubuntu1) ...
Setting up netbase (5.3) ...
Setting up vim-common (2:7.4.1689-3ubuntu1.2) ...
Setting up libgeoip1:amd64 (1.6.9-1) ...
Setting up libkrb5support0:amd64 (1.13.2+dfsg-5ubuntu2) ...
Setting up libk5crypto3:amd64 (1.13.2+dfsg-5ubuntu2) ...
Setting up libkeyutils1:amd64 (1.5.9-8ubuntu1) ...
Setting up libkrb5-3:amd64 (1.13.2+dfsg-5ubuntu2) ...
Setting up libgssapi-krb5-2:amd64 (1.13.2+dfsg-5ubuntu2) ...
Setting up libicu55:amd64 (55.1-7ubuntu0.1) ...
Setting up libxml2:amd64 (2.9.3+dfsg1-1ubuntu0.2) ...
Setting up libisc160:amd64 (1:9.10.3.dfsg.P4-8ubuntu1.5) ...
Setting up libdns162:amd64 (1:9.10.3.dfsg.P4-8ubuntu1.5) ...
Setting up libisccc140:amd64 (1:9.10.3.dfsg.P4-8ubuntu1.5) ...
Setting up libisccfg140:amd64 (1:9.10.3.dfsg.P4-8ubuntu1.5) ...
Setting up libbind9-140:amd64 (1:9.10.3.dfsg.P4-8ubuntu1.5) ...
Setting up liblwres141:amd64 (1:9.10.3.dfsg.P4-8ubuntu1.5) ...
Setting up bind9-host (1:9.10.3.dfsg.P4-8ubuntu1.5) ...
Setting up openssl (1.0.2g-1ubuntu4.6) ...
Setting up ca-certificates (20160104ubuntu1) ...
Setting up dnsutils (1:9.10.3.dfsg.P4-8ubuntu1.5) ...
Setting up libglib2.0-0:amd64 (2.48.2-0ubuntu1) ...
No schema files found: doing nothing.
Setting up libgirepository-1.0-1:amd64 (1.46.0-3ubuntu1) ...
Setting up gir1.2-glib-2.0:amd64 (1.46.0-3ubuntu1) ...
Setting up iso-codes (3.65-1) ...
Setting up libroken18-heimdal:amd64 (1.7~git20150920+dfsg-4ubuntu1) ...
Setting up libasn1-8-heimdal:amd64 (1.7~git20150920+dfsg-4ubuntu1) ...
Setting up libhcrypto4-heimdal:amd64 (1.7~git20150920+dfsg-4ubuntu1) ...
Setting up libheimbase1-heimdal:amd64 (1.7~git20150920+dfsg-4ubuntu1) ...
Setting up libwind0-heimdal:amd64 (1.7~git20150920+dfsg-4ubuntu1) ...
Setting up libhx509-5-heimdal:amd64 (1.7~git20150920+dfsg-4ubuntu1) ...
Setting up libkrb5-26-heimdal:amd64 (1.7~git20150920+dfsg-4ubuntu1) ...
Setting up libheimntlm0-heimdal:amd64 (1.7~git20150920+dfsg-4ubuntu1) ...
Setting up libgssapi3-heimdal:amd64 (1.7~git20150920+dfsg-4ubuntu1) ...
Setting up libsasl2-modules-db:amd64 (2.1.26.dfsg1-14build1) ...
Setting up libsasl2-2:amd64 (2.1.26.dfsg1-14build1) ...
Setting up libldap-2.4-2:amd64 (2.4.42+dfsg-2ubuntu3.1) ...
Setting up librtmp1:amd64 (2.4+20151223.gitfa8646d-1build1) ...
Setting up libcurl3-gnutls:amd64 (7.47.0-1ubuntu2.2) ...
Setting up libdbus-1-3:amd64 (1.10.6-1ubuntu3.3) ...
Setting up libdbus-glib-1-2:amd64 (0.106-1) ...
Setting up telnet (0.17-40) ...
update-alternatives: using /usr/bin/telnet.netkit to provide /usr/bin/telnet (telnet) in auto mode
Setting up curl (7.47.0-1ubuntu2.2) ...
Setting up liblua5.2-0:amd64 (5.2.4-1ubuntu1) ...
Setting up libperl5.22:amd64 (5.22.1-9) ...
Setting up libpython3.5:amd64 (3.5.2-2ubuntu0~16.04.1) ...
Setting up libtcl8.6:amd64 (8.6.5+dfsg-2) ...
Setting up netcat-traditional (1.10-41) ...
update-alternatives: using /bin/nc.traditional to provide /bin/nc (nc) in auto mode
Setting up netcat (1.10-41) ...
Setting up rubygems-integration (1.10) ...
Setting up ruby-did-you-mean (1.0.0-2) ...
Setting up ruby-minitest (5.8.4-2) ...
Setting up ruby-net-telnet (0.1.1-2) ...
Setting up ruby-power-assert (0.2.7-1) ...
Setting up ruby-test-unit (3.1.7-2) ...
Setting up vim-runtime (2:7.4.1689-3ubuntu1.2) ...
Setting up dh-python (2.20151103ubuntu1.1) ...
Setting up python3 (3.5.1-3) ...
Setting up lsb-release (9.20160110ubuntu0.2) ...
Setting up python-apt-common (1.1.0~beta1build1) ...
Setting up python3-apt (1.1.0~beta1build1) ...
Setting up python3-dbus (1.2.0-3) ...
Setting up python3-gi (3.20.0-0ubuntu1) ...
Setting up python3-pycurl (7.43.0-1ubuntu1) ...
Setting up python3-software-properties (0.96.20.5) ...
Setting up rake (10.5.0-2) ...
Setting up libruby2.3:amd64 (2.3.1-2~16.04) ...
Setting up ruby2.3 (2.3.1-2~16.04) ...
Setting up software-properties-common (0.96.20.5) ...
Setting up vim-nox (2:7.4.1689-3ubuntu1.2) ...
update-alternatives: using /usr/bin/vim.nox to provide /usr/bin/vim (vim) in auto mode
update-alternatives: using /usr/bin/vim.nox to provide /usr/bin/vimdiff (vimdiff) in auto mode
update-alternatives: using /usr/bin/vim.nox to provide /usr/bin/rvim (rvim) in auto mode
update-alternatives: using /usr/bin/vim.nox to provide /usr/bin/rview (rview) in auto mode
update-alternatives: using /usr/bin/vim.nox to provide /usr/bin/vi (vi) in auto mode
update-alternatives: using /usr/bin/vim.nox to provide /usr/bin/view (view) in auto mode
update-alternatives: using /usr/bin/vim.nox to provide /usr/bin/ex (ex) in auto mode
update-alternatives: using /usr/bin/vim.nox to provide /usr/bin/editor (editor) in auto mode
Setting up ruby (1:2.3.0+1) ...
Processing triggers for libc-bin (2.23-0ubuntu5) ...
Processing triggers for ca-certificates (20160104ubuntu1) ...
Updating certificates in /etc/ssl/certs...
173 added, 0 removed; done.
Running hooks in /etc/ca-certificates/update.d...
done.
Reading package lists...
Building dependency tree...
Reading state information...
0 upgraded, 0 newly installed, 0 to remove and 0 not upgraded.
 ---> 968f47bd3df8
Removing intermediate container 4098867490d1
Successfully built 968f47bd3df8